[0m[[0m[0mdebug[0m] [0m[0m> Exec(run, None, None)[0m
[0m[[0m[33mwarn[0m] [0m[0mbuild source files have changed[0m
[0m[[0m[33mwarn[0m] [0m[0mmodified files: [0m
[0m[[0m[33mwarn[0m] [0m[0m  /home/anasarif/spring-boot udemy/play-samples/play-framework/build.sbt[0m
[0m[[0m[33mwarn[0m] [0m[0mApply these changes by running `reload`.[0m
[0m[[0m[33mwarn[0m] [0m[0mAutomatically reload the build when source changes are detected by setting `Global / onChangedBuildSource := ReloadOnSourceChanges`.[0m
[0m[[0m[33mwarn[0m] [0m[0mDisable this warning by setting `Global / onChangedBuildSource := IgnoreSourceChanges`.[0m
[0m[[0m[0mdebug[0m] [0m[0mEvaluating tasks: Compile / run[0m
[0m[[0m[0mdebug[0m] [0m[0mRunning task... Cancel: Signal, check cycles: false, forcegc: true[0m
[0m[[0m[0mdebug[0m] [0m[0mRunning task... Cancel: Signal, check cycles: false, forcegc: true[0m
[0m[[0m[0minfo[0m] [0m[0mcompiling 6 Scala sources and 6 Java sources to /home/anasarif/spring-boot udemy/play-samples/play-framework/target/scala-2.13/classes ...[0m
[0m[[0m[0minfo[0m] [0m[0mdone compiling[0m
[0m[[0m[0mdebug[0m] [0m[0mForcing garbage collection...[0m
[0m[[0m[0mdebug[0m] [0m[0mRunning task... Cancel: Signal, check cycles: false, forcegc: true[0m
[0m[[0m[0mdebug[0m] [0m[0mExporting web-assets:play-framework[0m
[0m[[0m[0mdebug[0m] [0m[0mRunning task... Cancel: Signal, check cycles: false, forcegc: true[0m
[0m[[0m[0mdebug[0m] [0m[0mRunning task... Cancel: Signal, check cycles: false, forcegc: true[0m
[0m[[0m[0minfo[0m] [0m[0mcompiling 3 Scala sources and 1 Java source to /home/anasarif/spring-boot udemy/play-samples/play-framework/target/scala-2.13/classes ...[0m
[0m[[0m[0minfo[0m] [0m[0mdone compiling[0m
[0m[[0m[0mdebug[0m] [0m[0mRunning task... Cancel: Signal, check cycles: false, forcegc: true[0m
[0m[[0m[0mdebug[0m] [0m[0mExporting web-assets:play-framework[0m
[0m[[0m[0mdebug[0m] [0m[0mRunning task... Cancel: Signal, check cycles: false, forcegc: true[0m
[0m[[0m[0mdebug[0m] [0m[0mRunning task... Cancel: Signal, check cycles: false, forcegc: true[0m
[0m[[0m[0minfo[0m] [0m[0mcompiling 3 Scala sources and 1 Java source to /home/anasarif/spring-boot udemy/play-samples/play-framework/target/scala-2.13/classes ...[0m
[0m[[0m[0minfo[0m] [0m[0mdone compiling[0m
[0m[[0m[0mdebug[0m] [0m[0mRunning task... Cancel: Signal, check cycles: false, forcegc: true[0m
[0m[[0m[0mdebug[0m] [0m[0mExporting web-assets:play-framework[0m
[0m[[0m[0mdebug[0m] [0m[0mRunning task... Cancel: Signal, check cycles: false, forcegc: true[0m
[0m[[0m[0mdebug[0m] [0m[0mRunning task... Cancel: Signal, check cycles: false, forcegc: true[0m
[0m[[0m[0minfo[0m] [0m[0mcompiling 6 Scala sources and 12 Java sources to /home/anasarif/spring-boot udemy/play-samples/play-framework/target/scala-2.13/classes ...[0m
[0m[[0m[31merror[0m] [0m[0m/home/anasarif/spring-boot udemy/play-samples/play-framework/app/repository/CategoryRepository.java:4:1: package play.db.jpa does not exist[0m
[0m[[0m[31merror[0m] [0m[0mplay.db.jpa.JPAApi[0m
[0m[[0m[31merror[0m] [0m[0m/home/anasarif/spring-boot udemy/play-samples/play-framework/app/repository/CategoryRepository.java:7:1: package javax.persistence does not exist[0m
[0m[[0m[31merror[0m] [0m[0mjavax.persistence.EntityManager[0m
[0m[[0m[31merror[0m] [0m[0m/home/anasarif/spring-boot udemy/play-samples/play-framework/app/repository/CategoryRepository.java:8:1: package javax.persistence does not exist[0m
[0m[[0m[31merror[0m] [0m[0mjavax.persistence.TypedQuery[0m
[0m[[0m[31merror[0m] [0m[0m/home/anasarif/spring-boot udemy/play-samples/play-framework/app/models/Category.java:5:1: cannot find symbol[0m
[0m[[0m[31merror[0m] [0m[0m  symbol: class Entity[0m
[0m[[0m[31merror[0m] [0m[0mEntity[0m
[0m[[0m[31merror[0m] [0m[0m/home/anasarif/spring-boot udemy/play-samples/play-framework/app/models/Category.java:6:1: cannot find symbol[0m
[0m[[0m[31merror[0m] [0m[0m  symbol: class Table[0m
[0m[[0m[31merror[0m] [0m[0mTable[0m
[0m[[0m[31merror[0m] [0m[0m/home/anasarif/spring-boot udemy/play-samples/play-framework/app/repository/CategoryRepository.java:16:1: cannot find symbol[0m
[0m[[0m[31merror[0m] [0m[0m  symbol:   class JPAApi[0m
[0m[[0m[31merror[0m] [0m[0m  location: class repository.CategoryRepository[0m
[0m[[0m[31merror[0m] [0m[0mJPAApi[0m
[0m[[0m[31merror[0m] [0m[0m/home/anasarif/spring-boot udemy/play-samples/play-framework/app/repository/CategoryRepository.java:19:1: cannot find symbol[0m
[0m[[0m[31merror[0m] [0m[0m  symbol:   class JPAApi[0m
[0m[[0m[31merror[0m] [0m[0m  location: class repository.CategoryRepository[0m
[0m[[0m[31merror[0m] [0m[0mJPAApi[0m
[0m[[0m[31merror[0m] [0m[0m/home/anasarif/spring-boot udemy/play-samples/play-framework/app/models/Category.java:3:1: package javax.persistence does not exist[0m
[0m[[0m[31merror[0m] [0m[0m/home/anasarif/spring-boot udemy/play-samples/play-framework/app/repository/ProductRepository.java:6:1: package play.db.jpa does not exist[0m
[0m[[0m[31merror[0m] [0m[0mplay.db.jpa.JPAApi[0m
[0m[[0m[31merror[0m] [0m[0m/home/anasarif/spring-boot udemy/play-samples/play-framework/app/repository/ProductRepository.java:9:1: package javax.persistence does not exist[0m
[0m[[0m[31merror[0m] [0m[0mjavax.persistence.EntityManager[0m
[0m[[0m[31merror[0m] [0m[0m/home/anasarif/spring-boot udemy/play-samples/play-framework/app/repository/ProductRepository.java:10:1: package javax.persistence does not exist[0m
[0m[[0m[31merror[0m] [0m[0mjavax.persistence.Query[0m
[0m[[0m[31merror[0m] [0m[0m/home/anasarif/spring-boot udemy/play-samples/play-framework/app/repository/ProductRepository.java:11:1: package javax.persistence does not exist[0m
[0m[[0m[31merror[0m] [0m[0mjavax.persistence.TypedQuery[0m
[0m[[0m[31merror[0m] [0m[0m/home/anasarif/spring-boot udemy/play-samples/play-framework/app/repository/ProductRepository.java:12:1: package javax.persistence.criteria does not exist[0m
[0m[[0m[31merror[0m] [0m[0mjavax.persistence.criteria.CriteriaBuilder[0m
[0m[[0m[31merror[0m] [0m[0m/home/anasarif/spring-boot udemy/play-samples/play-framework/app/repository/ProductRepository.java:13:1: package javax.persistence.criteria does not exist[0m
[0m[[0m[31merror[0m] [0m[0mjavax.persistence.criteria.CriteriaQuery[0m
[0m[[0m[31merror[0m] [0m[0m/home/anasarif/spring-boot udemy/play-samples/play-framework/app/repository/ProductRepository.java:14:1: package javax.persistence.criteria does not exist[0m
[0m[[0m[31merror[0m] [0m[0mjavax.persistence.criteria.Root[0m
[0m[[0m[31merror[0m] [0m[0m/home/anasarif/spring-boot udemy/play-samples/play-framework/app/models/Product.java:5:1: cannot find symbol[0m
[0m[[0m[31merror[0m] [0m[0m  symbol: class Entity[0m
[0m[[0m[31merror[0m] [0m[0mEntity[0m
[0m[[0m[31merror[0m] [0m[0m/home/anasarif/spring-boot udemy/play-samples/play-framework/app/models/Product.java:6:1: cannot find symbol[0m
[0m[[0m[31merror[0m] [0m[0m  symbol: class Table[0m
[0m[[0m[31merror[0m] [0m[0mTable[0m
[0m[[0m[31merror[0m] [0m[0m/home/anasarif/spring-boot udemy/play-samples/play-framework/app/repository/ProductRepository.java:21:1: cannot find symbol[0m
[0m[[0m[31merror[0m] [0m[0m  symbol:   class JPAApi[0m
[0m[[0m[31merror[0m] [0m[0m  location: class repository.ProductRepository[0m
[0m[[0m[31merror[0m] [0m[0mJPAApi[0m
[0m[[0m[31merror[0m] [0m[0m/home/anasarif/spring-boot udemy/play-samples/play-framework/app/repository/ProductRepository.java:24:1: cannot find symbol[0m
[0m[[0m[31merror[0m] [0m[0m  symbol:   class JPAApi[0m
[0m[[0m[31merror[0m] [0m[0m  location: class repository.ProductRepository[0m
[0m[[0m[31merror[0m] [0m[0mJPAApi[0m
[0m[[0m[31merror[0m] [0m[0m/home/anasarif/spring-boot udemy/play-samples/play-framework/app/repository/ProductRepository.java:107:1: cannot find symbol[0m
[0m[[0m[31merror[0m] [0m[0m  symbol:   class EntityManager[0m
[0m[[0m[31merror[0m] [0m[0m  location: class repository.ProductRepository[0m
[0m[[0m[31merror[0m] [0m[0mEntityManager[0m
[0m[[0m[31merror[0m] [0m[0m/home/anasarif/spring-boot udemy/play-samples/play-framework/app/models/Product.java:3:1: package javax.persistence does not exist[0m
[0m[[0m[31merror[0m] [0m[0m/home/anasarif/spring-boot udemy/play-samples/play-framework/app/models/Category.java:8:1: cannot find symbol[0m
[0m[[0m[31merror[0m] [0m[0m  symbol:   class Id[0m
[0m[[0m[31merror[0m] [0m[0m  location: class models.Category[0m
[0m[[0m[31merror[0m] [0m[0mId[0m
[0m[[0m[31merror[0m] [0m[0m/home/anasarif/spring-boot udemy/play-samples/play-framework/app/models/Category.java:9:1: cannot find symbol[0m
[0m[[0m[31merror[0m] [0m[0m  symbol:   class GeneratedValue[0m
[0m[[0m[31merror[0m] [0m[0m  location: class models.Category[0m
[0m[[0m[31merror[0m] [0m[0mGeneratedValue[0m
[0m[[0m[31merror[0m] [0m[0m/home/anasarif/spring-boot udemy/play-samples/play-framework/app/models/Category.java:9:1: cannot find symbol[0m
[0m[[0m[31merror[0m] [0m[0m  symbol:   variable GenerationType[0m
[0m[[0m[31merror[0m] [0m[0m  location: class models.Category[0m
[0m[[0m[31merror[0m] [0m[0mGenerationType[0m
[0m[[0m[31merror[0m] [0m[0m/home/anasarif/spring-boot udemy/play-samples/play-framework/app/models/Category.java:10:1: cannot find symbol[0m
[0m[[0m[31merror[0m] [0m[0m  symbol:   class Column[0m
[0m[[0m[31merror[0m] [0m[0m  location: class models.Category[0m
[0m[[0m[31merror[0m] [0m[0mColumn[0m
[0m[[0m[31merror[0m] [0m[0m/home/anasarif/spring-boot udemy/play-samples/play-framework/app/models/Product.java:8:1: cannot find symbol[0m
[0m[[0m[31merror[0m] [0m[0m  symbol:   class Id[0m
[0m[[0m[31merror[0m] [0m[0m  location: class models.Product[0m
[0m[[0m[31merror[0m] [0m[0mId[0m
[0m[[0m[31merror[0m] [0m[0m/home/anasarif/spring-boot udemy/play-samples/play-framework/app/models/Product.java:9:1: cannot find symbol[0m
[0m[[0m[31merror[0m] [0m[0m  symbol:   class GeneratedValue[0m
[0m[[0m[31merror[0m] [0m[0m  location: class models.Product[0m
[0m[[0m[31merror[0m] [0m[0mGeneratedValue[0m
[0m[[0m[31merror[0m] [0m[0m/home/anasarif/spring-boot udemy/play-samples/play-framework/app/models/Product.java:9:1: cannot find symbol[0m
[0m[[0m[31merror[0m] [0m[0m  symbol:   variable GenerationType[0m
[0m[[0m[31merror[0m] [0m[0m  location: class models.Product[0m
[0m[[0m[31merror[0m] [0m[0mGenerationType[0m
[0m[[0m[31merror[0m] [0m[0m/home/anasarif/spring-boot udemy/play-samples/play-framework/app/models/Product.java:10:1: cannot find symbol[0m
[0m[[0m[31merror[0m] [0m[0m  symbol:   class Column[0m
[0m[[0m[31merror[0m] [0m[0m  location: class models.Product[0m
[0m[[0m[31merror[0m] [0m[0mColumn[0m
[0m[[0m[31merror[0m] [0m[0m/home/anasarif/spring-boot udemy/play-samples/play-framework/app/models/Product.java:15:1: cannot find symbol[0m
[0m[[0m[31merror[0m] [0m[0m  symbol:   class ManyToOne[0m
[0m[[0m[31merror[0m] [0m[0m  location: class models.Product[0m
[0m[[0m[31merror[0m] [0m[0mManyToOne[0m
[0m[[0m[31merror[0m] [0m[0m/home/anasarif/spring-boot udemy/play-samples/play-framework/app/models/Product.java:16:1: cannot find symbol[0m
[0m[[0m[31merror[0m] [0m[0m  symbol:   class JoinColumn[0m
[0m[[0m[31merror[0m] [0m[0m  location: class models.Product[0m
[0m[[0m[31merror[0m] [0m[0mJoinColumn[0m
[0m[[0m[31merror[0m] [0m[0m/home/anasarif/spring-boot udemy/play-samples/play-framework/app/repository/CategoryRepository.java:25:1: cannot find symbol[0m
[0m[[0m[31merror[0m] [0m[0m  symbol:   class EntityManager[0m
[0m[[0m[31merror[0m] [0m[0m  location: class repository.CategoryRepository[0m
[0m[[0m[31merror[0m] [0m[0mEntityManager[0m
[0m[[0m[31merror[0m] [0m[0m/home/anasarif/spring-boot udemy/play-samples/play-framework/app/repository/CategoryRepository.java:34:1: cannot find symbol[0m
[0m[[0m[31merror[0m] [0m[0m  symbol:   class TypedQuery[0m
[0m[[0m[31merror[0m] [0m[0m  location: class repository.CategoryRepository[0m
[0m[[0m[31merror[0m] [0m[0mTypedQuery[0m
[0m[[0m[31merror[0m] [0m[0m/home/anasarif/spring-boot udemy/play-samples/play-framework/app/repository/ProductRepository.java:30:1: cannot find symbol[0m
[0m[[0m[31merror[0m] [0m[0m  symbol:   class EntityManager[0m
[0m[[0m[31merror[0m] [0m[0m  location: class repository.ProductRepository[0m
[0m[[0m[31merror[0m] [0m[0mEntityManager[0m
[0m[[0m[31merror[0m] [0m[0m/home/anasarif/spring-boot udemy/play-samples/play-framework/app/repository/ProductRepository.java:44:1: cannot find symbol[0m
[0m[[0m[31merror[0m] [0m[0m  symbol:   class EntityManager[0m
[0m[[0m[31merror[0m] [0m[0m  location: class repository.ProductRepository[0m
[0m[[0m[31merror[0m] [0m[0mEntityManager[0m
[0m[[0m[31merror[0m] [0m[0m/home/anasarif/spring-boot udemy/play-samples/play-framework/app/repository/ProductRepository.java:45:1: cannot find symbol[0m
[0m[[0m[31merror[0m] [0m[0m  symbol:   class CriteriaBuilder[0m
[0m[[0m[31merror[0m] [0m[0m  location: class repository.ProductRepository[0m
[0m[[0m[31merror[0m] [0m[0mCriteriaBuilder[0m
[0m[[0m[31merror[0m] [0m[0m/home/anasarif/spring-boot udemy/play-samples/play-framework/app/repository/ProductRepository.java:46:1: cannot find symbol[0m
[0m[[0m[31merror[0m] [0m[0m  symbol:   class CriteriaQuery[0m
[0m[[0m[31merror[0m] [0m[0m  location: class repository.ProductRepository[0m
[0m[[0m[31merror[0m] [0m[0mCriteriaQuery[0m
[0m[[0m[31merror[0m] [0m[0m/home/anasarif/spring-boot udemy/play-samples/play-framework/app/repository/ProductRepository.java:47:1: cannot find symbol[0m
[0m[[0m[31merror[0m] [0m[0m  symbol:   class Root[0m
[0m[[0m[31merror[0m] [0m[0m  location: class repository.ProductRepository[0m
[0m[[0m[31merror[0m] [0m[0mRoot[0m
[0m[[0m[31merror[0m] [0m[0m/home/anasarif/spring-boot udemy/play-samples/play-framework/app/repository/ProductRepository.java:61:1: cannot find symbol[0m
[0m[[0m[31merror[0m] [0m[0m  symbol:   class TypedQuery[0m
[0m[[0m[31merror[0m] [0m[0m  location: class repository.ProductRepository[0m
[0m[[0m[31merror[0m] [0m[0mTypedQuery[0m
[0m[[0m[31merror[0m] [0m[0m/home/anasarif/spring-boot udemy/play-samples/play-framework/app/repository/ProductRepository.java:66:1: cannot infer type arguments for java.util.ArrayList<>[0m
[0m[[0m[31merror[0m] [0m[0mnew ArrayList<>(products)[0m
[0m[[0m[31merror[0m] [0m[0m/home/anasarif/spring-boot udemy/play-samples/play-framework/app/repository/ProductRepository.java:71:1: cannot find symbol[0m
[0m[[0m[31merror[0m] [0m[0m  symbol:   class EntityManager[0m
[0m[[0m[31merror[0m] [0m[0m  location: class repository.ProductRepository[0m
[0m[[0m[31merror[0m] [0m[0mEntityManager[0m
[0m[[0m[31merror[0m] [0m[0m/home/anasarif/spring-boot udemy/play-samples/play-framework/app/repository/ProductRepository.java:80:1: cannot find symbol[0m
[0m[[0m[31merror[0m] [0m[0m  symbol:   class EntityManager[0m
[0m[[0m[31merror[0m] [0m[0m  location: class repository.ProductRepository[0m
[0m[[0m[31merror[0m] [0m[0mEntityManager[0m
[0m[[0m[31merror[0m] [0m[0m/home/anasarif/spring-boot udemy/play-samples/play-framework/app/repository/ProductRepository.java:81:1: cannot find symbol[0m
[0m[[0m[31merror[0m] [0m[0m  symbol:   class Query[0m
[0m[[0m[31merror[0m] [0m[0m  location: class repository.ProductRepository[0m
[0m[[0m[31merror[0m] [0m[0mQuery[0m
[0m[[0m[31merror[0m] [0m[0m/home/anasarif/spring-boot udemy/play-samples/play-framework/app/repository/ProductRepository.java:90:1: cannot find symbol[0m
[0m[[0m[31merror[0m] [0m[0m  symbol:   class EntityManager[0m
[0m[[0m[31merror[0m] [0m[0m  location: class repository.ProductRepository[0m
[0m[[0m[31merror[0m] [0m[0mEntityManager[0m
[0m[[0m[31merror[0m] [0m[0m/home/anasarif/spring-boot udemy/play-samples/play-framework/app/repository/ProductRepository.java:108:1: cannot find symbol[0m
[0m[[0m[31merror[0m] [0m[0m  symbol:   class TypedQuery[0m
[0m[[0m[31merror[0m] [0m[0m  location: class repository.ProductRepository[0m
[0m[[0m[31merror[0m] [0m[0mTypedQuery[0m
[0m[[0m[0mdebug[0m] [0m[0mForcing garbage collection...[0m
[0m[[0m[31merror[0m] [0m[0m(Compile / [31mcompileIncremental[0m) javac returned non-zero exit code[0m
[0m[[0m[0mdebug[0m] [0m[0mRunning task... Cancel: Signal, check cycles: false, forcegc: true[0m
[0m[[0m[0mdebug[0m] [0m[0mRunning task... Cancel: Signal, check cycles: false, forcegc: true[0m
[0m[[0m[33mwarn[0m] [0m[0mCanceling execution...[0m
[0m[[0m[31merror[0m] [0m[0mCancelled: run[0m
[0m[[0m[31merror[0m] [0m[0mCancelled: run[0m
[0m[[0m[31merror[0m] [0m[0mUse 'last' for the full log.[0m
[0m[[0m[0mdebug[0m] [0m[0m> Exec(idea-shell, None, None)[0m
